0 info it worked if it ends with ok
1 verbose cli [ '/usr/local/bin/node',
1 verbose cli   '/usr/local/bin/npm',
1 verbose cli   'install',
1 verbose cli   'moment' ]
2 info using npm@1.4.28
3 info using node@v0.10.35
4 error Failed to parse json
4 error Unexpected token }
5 error File: /home/gutp/node-ieee1888/package.json
6 error Failed to parse package.json data.
6 error package.json must be actual JSON, not just JavaScript.
6 error
6 error This is not a bug in npm.
6 error Tell the package author to fix their package.json file. JSON.parse
7 error System Linux 2.6.32-45-generic
8 error command "/usr/local/bin/node" "/usr/local/bin/npm" "install" "moment"
9 error cwd /home/gutp/node-ieee1888
10 error node -v v0.10.35
11 error npm -v 1.4.28
12 error file /home/gutp/node-ieee1888/package.json
13 error code EJSONPARSE
14 verbose exit [ 1, true ]
